Build started 13.09.2014 17:38:06.
     1>Project "E:\cfsSIA3D-src\build\Physics\Components\SlidingLaw\SlidingLaw.vcxproj" on node 2 (Rebuild target(s)).
     1>CustomBuild:
         Building Custom Rule E:/cfsSIA3D-src/Physics/Components/SlidingLaw/CMakeLists.txt
         CMake does not need to re-run because E:\cfsSIA3D-src\build\Physics\Components\SlidingLaw\CMakeFiles\generate.stamp is up-to-date.
       ClCompile:
         D:\Microsoft Visual Studio 12.0\VC\bin\x86_amd64\CL.exe /c /I"E:\cfsSIA3D-src\Physics\Components\SlidingLaw" /I"E:\cfsSIA3D-src\build\Physics\Components\SlidingLaw" /I"E:\cfsSIA3D-src\Physics\Components\SlidingLaw\.." /I"E:\cfsSIA3D-src\build\Physics\Components\SlidingLaw\.." /I"E:\cfsSIA3D-src\Physics\Components\SlidingLaw\..\.." /I"E:\cfsSIA3D-src\Physics\Components\SlidingLaw\..\..\.." /I"E:\xsd-4.0.0\libxsd" /IE:\xerces\include /Zi /nologo /W3 /WX- /Od /Ob0 /D WIN32 /D _WINDOWS /D _DEBUG /D "CMAKE_INTDIR=\"Debug\"" /D _MBCS /Gm- /EHsc /RTC1 /MDd /GS /fp:precise /Zc:wchar_t /Zc:forScope /GR /Fo"SlidingLaw.dir\Debug\\" /Fd"SlidingLaw.dir\Debug\vc120.pdb" /Gd /TP /errorReport:prompt ..\..\..\..\Physics\Components\SlidingLaw\AltitudeSL.cpp ..\..\..\..\Physics\Components\SlidingLaw\ConstantSL.cpp ..\..\..\..\Physics\Components\SlidingLaw\SlidingLaw.cpp ..\..\..\..\Physics\Components\SlidingLaw\SlidingLawFactory.cpp ..\..\..\..\Physics\Components\SlidingLaw\ZeroSL.cpp
         AltitudeSL.cpp
         ConstantSL.cpp
     1>..\..\..\..\Physics\Components\SlidingLaw\ConstantSL.cpp(22): warning C4244: 'argument' : conversion from 'double' to 'unsigned int', possible loss of data
         SlidingLaw.cpp
         SlidingLawFactory.cpp
         ZeroSL.cpp
         Generating Code...
       Lib:
         D:\Microsoft Visual Studio 12.0\VC\bin\x86_amd64\Lib.exe /OUT:"E:\cfsSIA3D-src\build\Physics\Components\SlidingLaw\Debug\SlidingLaw.lib" /NOLOGO /MACHINE:X64 SlidingLaw.dir\Debug\AltitudeSL.obj
         SlidingLaw.dir\Debug\ConstantSL.obj
         SlidingLaw.dir\Debug\SlidingLaw.obj
         SlidingLaw.dir\Debug\SlidingLawFactory.obj
         SlidingLaw.dir\Debug\ZeroSL.obj
         SlidingLaw.vcxproj -> E:\cfsSIA3D-src\build\Physics\Components\SlidingLaw\Debug\SlidingLaw.lib
     1>Done Building Project "E:\cfsSIA3D-src\build\Physics\Components\SlidingLaw\SlidingLaw.vcxproj" (Rebuild target(s)).

Build succeeded.

Time Elapsed 00:00:04.93
