Build started 13.09.2014 17:38:01.
     1>Project "E:\cfsSIA3D-src\build\Numerics\Mesh\Mesh.vcxproj" on node 3 (Rebuild target(s)).
     1>CustomBuild:
         Building Custom Rule E:/cfsSIA3D-src/Numerics/Mesh/CMakeLists.txt
         CMake does not need to re-run because E:\cfsSIA3D-src\build\Numerics\Mesh\CMakeFiles\generate.stamp is up-to-date.
       ClCompile:
         D:\Microsoft Visual Studio 12.0\VC\bin\x86_amd64\CL.exe /c /I"E:\cfsSIA3D-src\Numerics\Mesh" /I"E:\cfsSIA3D-src\build\Numerics\Mesh" /I"E:\cfsSIA3D-src\Numerics\Mesh\..\.." /I"E:\cfsSIA3D-src\build\Numerics\Mesh\..\.." /Zi /nologo /W3 /WX- /Od /Ob0 /D WIN32 /D _WINDOWS /D _DEBUG /D "CMAKE_INTDIR=\"Debug\"" /D _MBCS /Gm- /EHsc /RTC1 /MDd /GS /fp:precise /Zc:wchar_t /Zc:forScope /GR /Fo"Mesh.dir\Debug\\" /Fd"Mesh.dir\Debug\vc120.pdb" /Gd /TP /errorReport:prompt ..\..\..\Numerics\Mesh\Grid.cpp ..\..\..\Numerics\Mesh\SpaceParams.cpp
         Grid.cpp
     1>..\..\..\Numerics\Mesh\Grid.cpp(34): warning C4996: 'sscanf': This function or variable may be unsafe. Consider using sscanf_s instead. To disable deprecation, use _CRT_SECURE_NO_WARNINGS. See online help for details.
                 D:\Microsoft Visual Studio 12.0\VC\include\stdio.h(304) : see declaration of 'sscanf'
     1>..\..\..\Numerics\Mesh\Grid.cpp(35): warning C4996: 'sscanf': This function or variable may be unsafe. Consider using sscanf_s instead. To disable deprecation, use _CRT_SECURE_NO_WARNINGS. See online help for details.
                 D:\Microsoft Visual Studio 12.0\VC\include\stdio.h(304) : see declaration of 'sscanf'
     1>..\..\..\Numerics\Mesh\Grid.cpp(47): warning C4996: 'sscanf': This function or variable may be unsafe. Consider using sscanf_s instead. To disable deprecation, use _CRT_SECURE_NO_WARNINGS. See online help for details.
                 D:\Microsoft Visual Studio 12.0\VC\include\stdio.h(304) : see declaration of 'sscanf'
     1>..\..\..\Numerics\Mesh\Grid.cpp(48): warning C4996: 'sscanf': This function or variable may be unsafe. Consider using sscanf_s instead. To disable deprecation, use _CRT_SECURE_NO_WARNINGS. See online help for details.
                 D:\Microsoft Visual Studio 12.0\VC\include\stdio.h(304) : see declaration of 'sscanf'
     1>..\..\..\Numerics\Mesh\Grid.cpp(49): warning C4996: 'sscanf': This function or variable may be unsafe. Consider using sscanf_s instead. To disable deprecation, use _CRT_SECURE_NO_WARNINGS. See online help for details.
                 D:\Microsoft Visual Studio 12.0\VC\include\stdio.h(304) : see declaration of 'sscanf'
     1>..\..\..\Numerics\Mesh\Grid.cpp(50): warning C4996: 'sscanf': This function or variable may be unsafe. Consider using sscanf_s instead. To disable deprecation, use _CRT_SECURE_NO_WARNINGS. See online help for details.
                 D:\Microsoft Visual Studio 12.0\VC\include\stdio.h(304) : see declaration of 'sscanf'
     1>..\..\..\Numerics\Mesh\Grid.cpp(198): warning C4244: 'initializing' : conversion from 'double' to 'unsigned int', possible loss of data
     1>..\..\..\Numerics\Mesh\Grid.cpp(317): warning C4244: '*=' : conversion from 'double' to 'unsigned int', possible loss of data
     1>..\..\..\Numerics\Mesh\Grid.cpp(318): warning C4244: '*=' : conversion from 'double' to 'unsigned int', possible loss of data
         SpaceParams.cpp
         Generating Code...
       Lib:
         D:\Microsoft Visual Studio 12.0\VC\bin\x86_amd64\Lib.exe /OUT:"E:\cfsSIA3D-src\build\Numerics\Mesh\Debug\Mesh.lib" /NOLOGO /MACHINE:X64 Mesh.dir\Debug\Grid.obj
         Mesh.dir\Debug\SpaceParams.obj
         Mesh.vcxproj -> E:\cfsSIA3D-src\build\Numerics\Mesh\Debug\Mesh.lib
     1>Done Building Project "E:\cfsSIA3D-src\build\Numerics\Mesh\Mesh.vcxproj" (Rebuild target(s)).

Build succeeded.

Time Elapsed 00:00:02.17
