e:\cfssia3d-src\build\physics\components\components.dir\debug\vc120.pdb
e:\cfssia3d-src\build\physics\components\components.dir\debug\parameter.obj
e:\cfssia3d-src\build\physics\components\components.dir\debug\physicsconfiguration.obj
e:\cfssia3d-src\build\physics\components\components.dir\debug\physicscoreconfiguration.obj
e:\cfssia3d-src\build\physics\components\components.dir\debug\physicalcomponent.obj
e:\cfssia3d-src\build\physics\components\cmakefiles\generate.stamp
e:\cfssia3d-src\build\physics\components\physicscoreconfiguration.hpp
e:\cfssia3d-src\build\physics\components\physicscoreconfiguration.cpp
e:\cfssia3d-src\build\physics\components\physicsconfiguration.hpp
e:\cfssia3d-src\build\physics\components\physicsconfiguration.cpp
e:\cfssia3d-src\build\physics\components\parameter.hpp
e:\cfssia3d-src\build\physics\components\parameter.cpp
e:\cfssia3d-src\build\physics\components\debug\components.lib
e:\cfssia3d-src\build\physics\components\components.dir\debug\components.tlog\cl.command.1.tlog
e:\cfssia3d-src\build\physics\components\components.dir\debug\components.tlog\cl.read.1.tlog
e:\cfssia3d-src\build\physics\components\components.dir\debug\components.tlog\cl.write.1.tlog
e:\cfssia3d-src\build\physics\components\components.dir\debug\components.tlog\custombuild.command.1.tlog
e:\cfssia3d-src\build\physics\components\components.dir\debug\components.tlog\custombuild.read.1.tlog
e:\cfssia3d-src\build\physics\components\components.dir\debug\components.tlog\custombuild.write.1.tlog
e:\cfssia3d-src\build\physics\components\components.dir\debug\components.tlog\lib-link.read.1.tlog
e:\cfssia3d-src\build\physics\components\components.dir\debug\components.tlog\lib-link.write.1.tlog
e:\cfssia3d-src\build\physics\components\components.dir\debug\components.tlog\lib.command.1.tlog
