Build started 13.09.2014 17:38:01.
     1>Project "E:\cfsSIA3D-src\build\Physics\Components\Components.vcxproj" on node 2 (Rebuild target(s)).
     1>CustomBuild:
         Building Custom Rule E:/cfsSIA3D-src/Physics/Components/CMakeLists.txt
         CMake does not need to re-run because E:\cfsSIA3D-src\build\Physics\Components\CMakeFiles\generate.stamp is up-to-date.
         Generating PhysicsCoreConfiguration.hpp, PhysicsCoreConfiguration.cpp
         Generating PhysicsConfiguration.hpp, PhysicsConfiguration.cpp
         Generating Parameter.hpp, Parameter.cpp
       ClCompile:
         D:\Microsoft Visual Studio 12.0\VC\bin\x86_amd64\CL.exe /c /I"E:\cfsSIA3D-src\Physics\Components" /I"E:\cfsSIA3D-src\build\Physics\Components" /I"E:\xsd-4.0.0\libxsd" /IE:\xerces\include /Zi /nologo /W3 /WX- /Od /Ob0 /D WIN32 /D _WINDOWS /D _DEBUG /D "CMAKE_INTDIR=\"Debug\"" /D _MBCS /Gm- /EHsc /RTC1 /MDd /GS /fp:precise /Zc:wchar_t /Zc:forScope /GR /Fo"Components.dir\Debug\\" /Fd"Components.dir\Debug\vc120.pdb" /Gd /TP /errorReport:prompt ..\..\..\Physics\Components\PhysicalComponent.cpp PhysicsCoreConfiguration.cpp PhysicsConfiguration.cpp Parameter.cpp
         PhysicalComponent.cpp
         PhysicsCoreConfiguration.cpp
         PhysicsConfiguration.cpp
         Parameter.cpp
         Generating Code...
       Lib:
         D:\Microsoft Visual Studio 12.0\VC\bin\x86_amd64\Lib.exe /OUT:"E:\cfsSIA3D-src\build\Physics\Components\Debug\Components.lib" /NOLOGO /MACHINE:X64 Components.dir\Debug\PhysicalComponent.obj
         Components.dir\Debug\PhysicsCoreConfiguration.obj
         Components.dir\Debug\PhysicsConfiguration.obj
         Components.dir\Debug\Parameter.obj
         Components.vcxproj -> E:\cfsSIA3D-src\build\Physics\Components\Debug\Components.lib
     1>Done Building Project "E:\cfsSIA3D-src\build\Physics\Components\Components.vcxproj" (Rebuild target(s)).

Build succeeded.

Time Elapsed 00:00:05.40
